acr.browser.lightning.IncognitoActivity:onCreateOptionsMenu
acr.browser.lightning.MainActivity:onCreateOptionsMenu
acr.browser.lightning.browser.activity.BrowserActivity:onCreateOptionsMenu
acr.browser.lightning.reading.activity.ReadingActivity:onCreateOptionsMenu
android.support.v4.a.i:onCreateContextMenu
android.support.v4.app.Fragment:onCreateContextMenu
android.support.v4.app.Fragment:onCreateOptionsMenu
android.support.v4.app.q:onCreateContextMenu
android.support.v4.app.q:onCreateOptionsMenu
android.support.v4.b.o:onCreateContextMenu
com.appsbyvir.tipcalculator.MainActivity:onCreateOptionsMenu
com.braintreepayments.api.dropin.AddCardActivity:onCreateOptionsMenu
com.etsy.android.lib.devconfigs.ConfigFlagsFragment:onCreateOptionsMenu
com.etsy.android.lib.devconfigs.NativeConfigFlagsFragment:onCreateOptionsMenu
com.etsy.android.ui.BOENavDrawerActivity:onCreateOptionsMenu
com.etsy.android.ui.BOENavDrawerActivity:onCreateOptionsMenuWithIcons
com.etsy.android.ui.EtsyFragment:onCreateOptionsMenu
com.etsy.android.ui.EtsyFragment:onCreateOptionsMenuWithIcons
com.etsy.android.ui.EtsyListFragment:onCreateOptionsMenu
com.etsy.android.ui.EtsyListFragment:onCreateOptionsMenuWithIcons
com.etsy.android.ui.ExploreActivity:onCreateOptionsMenuWithIcons
com.etsy.android.ui.convos.ConvoComposeFragment:onCreateOptionsMenuWithIcons
com.etsy.android.ui.convos.ConvoListFragment:onCreateOptionsMenuWithIcons
com.etsy.android.ui.convos.ConvoThreadFragment:onCreateOptionsMenuWithIcons
com.etsy.android.ui.convos.convolistredesign.ConvosListFragment:onCreateOptionsMenu
com.etsy.android.ui.convos.convoredesign.ConvoThreadFragment2:onCreateOptionsMenu
com.etsy.android.ui.core.CoreActivity:onCreateOptionsMenuWithIcons
com.etsy.android.ui.favorites.FavoritesActivity:onCreateOptionsMenuWithIcons
com.etsy.android.ui.feedback.FeedbackActivity:onCreateOptionsMenuWithIcons
com.etsy.android.ui.finds.FindsActivity:onCreateOptionsMenuWithIcons
com.etsy.android.ui.homescreen.HomescreenTabsActivity:onCreateOptionsMenuWithIcons
com.etsy.android.ui.homescreen.LandingPageActivity:onCreateOptionsMenuWithIcons
com.etsy.android.ui.homescreen.RecentlyViewedPageFragment:onCreateOptionsMenu
com.etsy.android.ui.local.LocalSearchActivity:onCreateOptionsMenuWithIcons
com.etsy.android.ui.local.marketdetails.LocalEventActivity:onCreateOptionsMenuWithIcons
com.etsy.android.ui.search.v2.SearchV2Activity:onCreateOptionsMenuWithIcons
com.etsy.android.ui.shop.AppreciationPhotoLandingPageActivity:onCreateOptionsMenuWithIcons
com.etsy.android.ui.shop.ShopHomeFragment:onCreateOptionsMenu
com.etsy.android.ui.shop.ShopSubActivity:onCreateOptionsMenuWithIcons
com.etsy.android.ui.shophome.SectionedShopHomeFragment:onCreateOptionsMenu
com.etsy.android.ui.shophome.ShopHomeActivity:onCreateOptionsMenuWithIcons
com.etsy.android.ui.user.CirclesActivity:onCreateOptionsMenuWithIcons
com.etsy.android.ui.user.LeaveFeedbackFragment:onCreateOptionsMenuWithIcons
com.etsy.android.ui.user.PurchasesActivity:onCreateOptionsMenuWithIcons
com.etsy.android.ui.user.ReceiptFragment:onCreateOptionsMenuWithIcons
com.etsy.android.ui.user.UserActivity:onCreateOptionsMenuWithIcons
com.etsy.android.ui.view.TabsActivity:onCreateOptionsMenuWithIcons
com.etsy.android.uikit.image.CropImageFragment:onCreateOptionsMenu
com.fsck.k9.activity.Accounts:onCreateContextMenu
com.fsck.k9.activity.Accounts:onCreateOptionsMenu
com.fsck.k9.activity.ChooseFolder:onCreateOptionsMenu
com.fsck.k9.activity.FolderList:onCreateContextMenu
com.fsck.k9.activity.FolderList:onCreateOptionsMenu
com.fsck.k9.activity.ManageIdentities:onCreateContextMenu
com.fsck.k9.activity.ManageIdentities:onCreateOptionsMenu
com.fsck.k9.activity.MessageCompose:onCreateOptionsMenu
com.fsck.k9.activity.MessageList:onCreateOptionsMenu
com.fsck.k9.activity.UnreadWidgetConfiguration:onCreateOptionsMenu
com.fsck.k9.fragment.MessageListFragment:onCreateContextMenu
com.fsck.k9.ui.messageview.MessageContainerView:onCreateContextMenu
com.jpstudiosonline.tipcalculator.MainActivity:onCreateOptionsMenu
com.onfido.android.sdk.capture.ui.country_selection.CountrySelectionFragment$onCreateOptionsMenu$$inlined$let$lambda$1$1:<init>
com.onfido.android.sdk.capture.ui.country_selection.CountrySelectionFragment$onCreateOptionsMenu$$inlined$let$lambda$1$1:run
com.onfido.android.sdk.capture.ui.country_selection.CountrySelectionFragment$onCreateOptionsMenu$$inlined$let$lambda$1:<init>
com.onfido.android.sdk.capture.ui.country_selection.CountrySelectionFragment$onCreateOptionsMenu$$inlined$let$lambda$1:onMenuItemActionCollapse
com.onfido.android.sdk.capture.ui.country_selection.CountrySelectionFragment$onCreateOptionsMenu$$inlined$let$lambda$1:onMenuItemActionExpand
com.onfido.android.sdk.capture.ui.country_selection.CountrySelectionFragment:onCreateOptionsMenu
com.rubenroy.minimaltodo.MainActivity:onCreateOptionsMenu
com.rubenroy.minimaltodo.ReminderActivity:onCreateOptionsMenu
com.stoutner.privacybrowser.activities.BookmarksActivity:onCreateOptionsMenu
com.stoutner.privacybrowser.activities.DomainsActivity:onCreateOptionsMenu
com.stoutner.privacybrowser.activities.MainWebViewActivity:onCreateContextMenu
com.stoutner.privacybrowser.activities.MainWebViewActivity:onCreateOptionsMenu
com.stoutner.privacybrowser.activities.ViewSourceActivity:onCreateOptionsMenu
com.tleapps.simpletipcalculator.MainActivity:onCreateOptionsMenu
com.woefe.shoppinglist.activity.MainActivity:onCreateOptionsMenu
com.yelp.android.businesspage.ui.ActivityMoreInfoPage:onCreateOptionsMenu
com.yelp.android.businesspage.ui.newbizpage.ActivityBusinessPage:onCreateOptionsMenu
com.yelp.android.businesspage.ui.questions.answer.ActivityAnswerQuestion:onCreateOptionsMenu
com.yelp.android.businesspage.ui.questions.ask.ActivityAskQuestion:onCreateOptionsMenu
com.yelp.android.businesspage.ui.questions.view.answer.ActivityAnswer:onCreateOptionsMenu
com.yelp.android.businesspage.ui.questions.view.details.ActivityAnswers:onCreateOptionsMenu
com.yelp.android.businesspage.ui.serviceofferings.ActivityServiceOfferings:onCreateOptionsMenu
com.yelp.android.checkins.ui.checkin.ActivityCheckIn:onCreateOptionsMenu
com.yelp.android.checkins.ui.friendcheckins.ActivityNearbyCheckIns:onCreateContextMenu
com.yelp.android.checkins.ui.friendcheckins.comments.ActivityCommentOnCheckIn:onCreateOptionsMenu
com.yelp.android.checkins.ui.friendcheckins.tagfriends.ActivityTagFriends:onCreateOptionsMenu
com.yelp.android.search.ui.ActivitySearchList:onCreateContextMenu
com.yelp.android.search.ui.ActivitySearchList:onCreateOptionsMenu
com.yelp.android.search.ui.ActivitySearchMap:onCreateContextMenu
com.yelp.android.search.ui.ActivitySearchMap:onCreateOptionsMenu
com.yelp.android.support.YelpActivity:onCreateOptionsMenu
com.yelp.android.tips.ui.activities.ActivityTipComplimentsLikes:onCreateOptionsMenu
com.yelp.android.tips.ui.activities.ActivityTipsPage:onCreateContextMenu
com.yelp.android.tips.ui.activities.ActivityTipsPage:onCreateOptionsMenu
com.yelp.android.tips.ui.activities.ActivityWriteTip:onCreateContextMenu
com.yelp.android.tips.ui.activities.ActivityWriteTip:onCreateOptionsMenu
com.yelp.android.ui.activities.ActivityChangePrimaryEmail:onCreateOptionsMenu
com.yelp.android.ui.activities.ActivityMapSingleBusiness:onCreateOptionsMenu
com.yelp.android.ui.activities.ActivityRecents:onCreateContextMenu
com.yelp.android.ui.activities.account.ActivityCreditCardSelector:onCreateContextMenu
com.yelp.android.ui.activities.account.ActivityCreditCardSelector:onCreateOptionsMenu
com.yelp.android.ui.activities.addphoto.ActivityPhotoTeaser:onCreateOptionsMenu
com.yelp.android.ui.activities.addphoto.MediaCaptionFragment:onCreateOptionsMenu
com.yelp.android.ui.activities.bizclaim.complete.ActivityBizClaimYouAreAlmostThere:onCreateOptionsMenu
com.yelp.android.ui.activities.bookmarks.ActivityBookmarks:onCreateOptionsMenu
com.yelp.android.ui.activities.bookmarks.BookmarksListFragment:onCreateContextMenu
com.yelp.android.ui.activities.bugreport.ReportABugFragment:onCreateOptionsMenu
com.yelp.android.ui.activities.camera.VideoPreviewFragment:onCreateOptionsMenu
com.yelp.android.ui.activities.categorypicker.CategoryPickerAbstractFragment:onCreateOptionsMenu
com.yelp.android.ui.activities.collections.ActivityAddToCollection:onCreateOptionsMenu
com.yelp.android.ui.activities.collections.ActivityBrowseUserCollections:onCreateOptionsMenu
com.yelp.android.ui.activities.collections.ActivityCollectionsView:onCreateOptionsMenu
com.yelp.android.ui.activities.collections.ActivityCollectionsViewV2:onCreateOptionsMenu
com.yelp.android.ui.activities.collections.details.ActivityCollectionDetails:onCreateOptionsMenu
com.yelp.android.ui.activities.collections.details.list.CollectionDetailsListFragment:onCreateContextMenu
com.yelp.android.ui.activities.compliments.ActivityCompliments:onCreateContextMenu
com.yelp.android.ui.activities.compliments.ActivitySendCompliment:onCreateOptionsMenu
com.yelp.android.ui.activities.deals.ActivityDealRedemption:onCreateOptionsMenu
com.yelp.android.ui.activities.elite.NominateRecommendationFragment:onCreateOptionsMenu
com.yelp.android.ui.activities.events.ActivityMapForEvent:onCreateOptionsMenu
com.yelp.android.ui.activities.events.EventFragment:onCreateOptionsMenu
com.yelp.android.ui.activities.events.EventPartyPassFragment:onCreateOptionsMenu
com.yelp.android.ui.activities.favoriteslist.ActivityFavoritesList:onCreateOptionsMenu
com.yelp.android.ui.activities.flagging.ActivityFlaggingExplanation:onCreateOptionsMenu
com.yelp.android.ui.activities.friends.ActivityFindFriends:onCreateOptionsMenu
com.yelp.android.ui.activities.friends.ActivityReviewFriendRequest:onCreateOptionsMenu
com.yelp.android.ui.activities.friends.ActivitySendFriendRequestForm:onCreateOptionsMenu
com.yelp.android.ui.activities.friends.FindFriendsFBContactsFragment:onCreateOptionsMenu
com.yelp.android.ui.activities.friends.FriendsListFragment:onCreateOptionsMenu
com.yelp.android.ui.activities.gallery.ActivityChooseFromGallery:onCreateOptionsMenu
com.yelp.android.ui.activities.guide.ActivityCityGuide:onCreateOptionsMenu
com.yelp.android.ui.activities.hoodz.HoodzTopicList:onCreateOptionsMenu
com.yelp.android.ui.activities.localissue.ActivityLocalIssue:onCreateOptionsMenu
com.yelp.android.ui.activities.mediagrid.ActivityBusinessMediaGrid:onCreateOptionsMenu
com.yelp.android.ui.activities.mediagrid.ActivityUserMediaGrid:onCreateOptionsMenu
com.yelp.android.ui.activities.messaging.ActivityComposeMessage:onCreateOptionsMenu
com.yelp.android.ui.activities.messaging.ComposeMessageFragment:onCreateOptionsMenu
com.yelp.android.ui.activities.messaging.ConversationThreadFragment:onCreateOptionsMenu
com.yelp.android.ui.activities.messaging.inbox.InboxFragment:onCreateOptionsMenu
com.yelp.android.ui.activities.mutatebiz.ActivityChangeBusinessAttributes:onCreateOptionsMenu
com.yelp.android.ui.activities.mutatebiz.ActivityEditBusinessCategories:onCreateContextMenu
com.yelp.android.ui.activities.mutatebiz.ActivityEditBusinessCategories:onCreateOptionsMenu
com.yelp.android.ui.activities.mutatebiz.ActivityEditField:onCreateOptionsMenu
com.yelp.android.ui.activities.mutatebiz.ActivityEditName:onCreateOptionsMenu
com.yelp.android.ui.activities.mutatebiz.ActivityEditOpenHoursDescription:onCreateOptionsMenu
com.yelp.android.ui.activities.mutatebiz.AddAddressFragment:onCreateOptionsMenu
com.yelp.android.ui.activities.mutatebiz.MoveBusinessPlacementFragment:onCreateOptionsMenu
com.yelp.android.ui.activities.populardishes.ActivityPopularDishes:onCreateOptionsMenu
com.yelp.android.ui.activities.populardishes.ActivityPopularDishesWriteReport:onCreateOptionsMenu
com.yelp.android.ui.activities.profile.ActivityUserDraftList:onCreateContextMenu
com.yelp.android.ui.activities.profile.ActivityUserProfile:onCreateOptionsMenu
com.yelp.android.ui.activities.reservations.ConfirmReservationFragment:onCreateOptionsMenu
com.yelp.android.ui.activities.reservations.FindReservationFragment:onCreateOptionsMenu
com.yelp.android.ui.activities.reservations.FindReservationNewFragment:onCreateOptionsMenu
com.yelp.android.ui.activities.reviewpage.ActivityAbstractReviewPage:onCreateContextMenu
com.yelp.android.ui.activities.reviewpage.ActivityAbstractReviewPage:onCreateOptionsMenu
com.yelp.android.ui.activities.reviewpage.ActivityAbstractReviewPager:onCreateOptionsMenu
com.yelp.android.ui.activities.reviewpage.ActivityHighlights:onCreateContextMenu
com.yelp.android.ui.activities.reviewpage.ActivityReviewsFilteredByHighlightPage:onCreateOptionsMenu
com.yelp.android.ui.activities.reviewpage.FlagReviewExplanationFragment:onCreateOptionsMenu
com.yelp.android.ui.activities.reviews.complete.ActivityReviewComplete:onCreateOptionsMenu
com.yelp.android.ui.activities.rewards.dashboard.ActivityRewardsDashboard:onCreateOptionsMenu
com.yelp.android.ui.activities.rewards.webview.ActivityRewardsWebView:onCreateOptionsMenu
com.yelp.android.ui.activities.settings.ActivityCreatePassword:onCreateOptionsMenu
com.yelp.android.ui.activities.support.PlatformWebViewActivity:onCreateOptionsMenu
com.yelp.android.ui.activities.support.WebViewActivity:onCreateOptionsMenu
com.yelp.android.ui.activities.talk.ActivityTalkPost:onCreateOptionsMenu
com.yelp.android.ui.activities.talk.TalkTopicList:onCreateOptionsMenu
com.yelp.android.ui.activities.user.claimaccount.ActivityClaimGuestAccount:onCreateOptionsMenu
com.yelp.android.ui.activities.videotrim.ActivityVideoTrim:onCreateOptionsMenu
de.baumann.browser.Activity.Settings_Activity:onCreateOptionsMenu
de.baumann.browser.Activity.Settings_ClearActivity:onCreateOptionsMenu
de.baumann.browser.Activity.Settings_DataActivity:onCreateOptionsMenu
de.baumann.browser.Activity.Settings_StartActivity:onCreateOptionsMenu
de.baumann.browser.Activity.Settings_UIActivity:onCreateOptionsMenu
de.baumann.browser.Activity.Whitelist_AdBlock:onCreateOptionsMenu
de.baumann.browser.Activity.Whitelist_Cookie:onCreateOptionsMenu
de.baumann.browser.Activity.Whitelist_Javascript:onCreateOptionsMenu
kdk.android.simplydo.SimplyDoActivity$ItemsListReactor:onCreateContextMenu
kdk.android.simplydo.SimplyDoActivity$ListsListReactor:onCreateContextMenu
kdk.android.simplydo.SimplyDoActivity:onCreateOptionsMenu
net.hockeyapp.android.FeedbackActivity:onCreateContextMenu
net.hockeyapp.android.PaintActivity:onCreateOptionsMenu
org.mozilla.focus.autocomplete.AutocompleteAddFragment:onCreateOptionsMenu
org.mozilla.focus.autocomplete.AutocompleteListFragment:onCreateOptionsMenu
org.mozilla.focus.autocomplete.AutocompleteRemoveFragment:onCreateOptionsMenu
org.mozilla.focus.settings.InstalledSearchEnginesSettingsFragment:onCreateOptionsMenu
org.mozilla.focus.settings.ManualAddSearchEngineSettingsFragment:onCreateOptionsMenu
org.mozilla.focus.settings.RemoveSearchEnginesSettingsFragment:onCreateOptionsMenu
org.secuso.privacyfriendlytodolist.view.MainActivity:onCreateContextMenu
org.secuso.privacyfriendlytodolist.view.MainActivity:onCreateOptionsMenu
org.secuso.privacyfriendlytodolist.view.RecyclerActivity:onCreateContextMenu
org.secuso.privacyfriendlytodolist.view.RecyclerActivity:onCreateOptionsMenu
org.secuso.privacyfriendlytodolist.view.TodoListAdapter$ViewHolder:onCreateContextMenu
org.secuso.privacyfriendlytodolist.view.TodoTasksFragment:onCreateContextMenu
org.secuso.privacyfriendlytodolist.view.TodoTasksFragment:onCreateOptionsMenu
org.secuso.privacyfriendlytodolist.view.dialog.ProcessTodoTaskDialog:onCreateContextMenu
ru.mail.filemanager.BaseBrowser:onCreateOptionsMenu
ru.mail.fragments.mailbox.MailViewFragment:onCreateContextMenu
ru.mail.fragments.mailbox.MailViewFragment:onCreateOptionsMenu
ru.mail.fragments.mailbox.MailsAbstractFragment:onCreateOptionsMenu
ru.mail.fragments.mailbox.MailsFragment:onCreateOptionsMenu
ru.mail.fragments.mailbox.NewFilterFragment:onCreateOptionsMenu
ru.mail.fragments.mailbox.RegShareChooserFragment:onCreateOptionsMenu
ru.mail.fragments.mailbox.SearchMailsFragment:onCreateOptionsMenu
ru.mail.fragments.mailbox.aa:onCreateOptionsMenu
ru.mail.fragments.mailbox.ax:onCreateOptionsMenu
ru.mail.fragments.mailbox.br:onCreateOptionsMenu
ru.mail.fragments.mailbox.bt:onCreateOptionsMenu
ru.mail.fragments.mailbox.bu:onCreateOptionsMenu
ru.mail.fragments.mailbox.newmail.FeedbackFragment:onCreateOptionsMenu
ru.mail.fragments.mailbox.newmail.NewMailFragment:onCreateOptionsMenu
ru.mail.fragments.mailbox.r:onCreateOptionsMenu
ru.mail.libverify.notifications.SettingsActivity:onCreateOptionsMenu
ru.mail.libverify.notifications.SmsCodeNotificationActivity:onCreateOptionsMenu
ru.mail.libverify.notifications.SmsDialogsActivity:onCreateOptionsMenu
ru.mail.libverify.notifications.SmsMessagesActivity:onCreateOptionsMenu
ru.mail.libverify.notifications.f:onCreateOptionsMenu
ru.mail.ui.CustomToolbar:onCreateContextMenu
ru.mail.ui.attachmentsgallery.AttachFragment:onCreateOptionsMenu
ru.mail.uikit.tutorial.TutorialActivity:onCreateOptionsMenu
